<?xml version="1.0" encoding="UTF-8"?>
<testng-results skipped="0" failed="0" total="1" passed="1">
  <reporter-output>
  </reporter-output>
  <suite name="Default suite" duration-ms="36119" started-at="2016-01-06T14:13:21Z" finished-at="2016-01-06T14:13:57Z">
    <groups>
    </groups>
    <test name="Default test" duration-ms="36119" started-at="2016-01-06T14:13:21Z" finished-at="2016-01-06T14:13:57Z">
      <class name="sirisha.Triangle">
        <test-method status="PASS" signature="setUp()[pri:0, instance:sirisha.Triangle@5e025e70]" name="setUp" is-config="true" duration-ms="5925" started-at="2016-01-06T19:43:21Z" finished-at="2016-01-06T19:43:27Z">
          <reporter-output>
          </reporter-output>
        </test-method> <!-- setUp -->
        <test-method status="PASS" signature="test()[pri:0, instance:sirisha.Triangle@5e025e70]" name="test" duration-ms="29824" started-at="2016-01-06T19:43:27Z" finished-at="2016-01-06T19:43:56Z">
          <reporter-output>
          </reporter-output>
        </test-method> <!-- test -->
        <test-method status="PASS" signature="tearDown()[pri:0, instance:sirisha.Triangle@5e025e70]" name="tearDown" is-config="true" duration-ms="353" started-at="2016-01-06T19:43:56Z" finished-at="2016-01-06T19:43:57Z">
          <reporter-output>
          </reporter-output>
        </test-method> <!-- tearDown -->
      </class> <!-- sirisha.Triangle -->
    </test> <!-- Default test -->
  </suite> <!-- Default suite -->
</testng-results>
